#! /c/Source/iverilog-install/bin/vvp
:ivl_version "12.0 (devel)" "(s20150603-1539-g2693dd32b)";
:ivl_delay_selection "TYPICAL";
:vpi_time_precision + 0;
:vpi_module "C:\iverilog\lib\ivl\system.vpi";
:vpi_module "C:\iverilog\lib\ivl\vhdl_sys.vpi";
:vpi_module "C:\iverilog\lib\ivl\vhdl_textio.vpi";
:vpi_module "C:\iverilog\lib\ivl\v2005_math.vpi";
:vpi_module "C:\iverilog\lib\ivl\va_math.vpi";
S_0000021109bcbb20 .scope module, "tb_seq_detect_mealy" "tb_seq_detect_mealy" 2 1;
 .timescale 0 0;
v0000021109a92350_0 .var "clk", 0 0;
v0000021109a442d0_0 .var "din", 0 0;
v0000021109a43ab0_0 .var "rst", 0 0;
v0000021109a436f0_0 .net "y", 0 0, L_0000021109a4bb30;  1 drivers
S_0000021109a47080 .scope module, "dut" "seq_detect_mealy" 2 6, 3 1 0, S_0000021109bcbb20;
 .timescale 0 0;
    .port_info 0 /INPUT 1 "clk";
    .port_info 1 /INPUT 1 "rst";
    .port_info 2 /INPUT 1 "din";
    .port_info 3 /OUTPUT 1 "y";
P_0000021109bcbcb0 .param/l "S0" 1 3 7, C4<00>;
P_0000021109bcbce8 .param/l "S1" 1 3 8, C4<01>;
P_0000021109bcbd20 .param/l "S2" 1 3 9, C4<10>;
P_0000021109bcbd58 .param/l "S3" 1 3 10, C4<11>;
L_0000021109a92440 .functor BUFT 1, C4<1>, C4<0>, C4<0>, C4<0>;
L_0000021109a4b9e0 .functor XNOR 1, v0000021109a442d0_0, L_0000021109a92440, C4<0>, C4<0>;
L_0000021109a4bb30 .functor AND 1, L_0000021109a43b50, L_0000021109a4b9e0, C4<1>, C4<1>;
L_0000021109a923f8 .functor BUFT 1, C4<11>, C4<0>, C4<0>, C4<0>;
v0000021109a47210_0 .net/2u *"_ivl_0", 1 0, L_0000021109a923f8;  1 drivers
v0000021109a128d0_0 .net *"_ivl_2", 0 0, L_0000021109a43b50;  1 drivers
v0000021109a472b0_0 .net/2u *"_ivl_4", 0 0, L_0000021109a92440;  1 drivers
v0000021109a47350_0 .net *"_ivl_6", 0 0, L_0000021109a4b9e0;  1 drivers
v0000021109a473f0_0 .net "clk", 0 0, v0000021109a92350_0;  1 drivers
v0000021109a92030_0 .var "current_state", 1 0;
v0000021109a920d0_0 .net "din", 0 0, v0000021109a442d0_0;  1 drivers
v0000021109a92170_0 .var "next_state", 1 0;
v0000021109a92210_0 .net "rst", 0 0, v0000021109a43ab0_0;  1 drivers
v0000021109a922b0_0 .net "y", 0 0, L_0000021109a4bb30;  alias, 1 drivers
E_0000021109bc97b0 .event anyedge, v0000021109a92030_0, v0000021109a920d0_0;
E_0000021109bc9430 .event posedge, v0000021109a473f0_0;
L_0000021109a43b50 .cmp/eq 2, v0000021109a92030_0, L_0000021109a923f8;
    .scope S_0000021109a47080;
T_0 ;
    %wait E_0000021109bc9430;
    %load/vec4 v0000021109a92210_0;
    %flag_set/vec4 8;
    %jmp/0xz  T_0.0, 8;
    %pushi/vec4 0, 0, 2;
    %assign/vec4 v0000021109a92030_0, 0;
    %jmp T_0.1;
T_0.0 ;
    %load/vec4 v0000021109a92170_0;
    %assign/vec4 v0000021109a92030_0, 0;
T_0.1 ;
    %jmp T_0;
    .thread T_0;
    .scope S_0000021109a47080;
T_1 ;
    %wait E_0000021109bc97b0;
    %load/vec4 v0000021109a92030_0;
    %store/vec4 v0000021109a92170_0, 0, 2;
    %load/vec4 v0000021109a92030_0;
    %dup/vec4;
    %pushi/vec4 0, 0, 2;
    %cmp/u;
    %jmp/1 T_1.0, 6;
    %dup/vec4;
    %pushi/vec4 1, 0, 2;
    %cmp/u;
    %jmp/1 T_1.1, 6;
    %dup/vec4;
    %pushi/vec4 2, 0, 2;
    %cmp/u;
    %jmp/1 T_1.2, 6;
    %dup/vec4;
    %pushi/vec4 3, 0, 2;
    %cmp/u;
    %jmp/1 T_1.3, 6;
    %pushi/vec4 0, 0, 2;
    %store/vec4 v0000021109a92170_0, 0, 2;
    %jmp T_1.5;
T_1.0 ;
    %load/vec4 v0000021109a920d0_0;
    %cmpi/e 1, 0, 1;
    %jmp/0xz  T_1.6, 4;
    %pushi/vec4 1, 0, 2;
    %store/vec4 v0000021109a92170_0, 0, 2;
T_1.6 ;
    %jmp T_1.5;
T_1.1 ;
    %load/vec4 v0000021109a920d0_0;
    %cmpi/e 0, 0, 1;
    %jmp/0xz  T_1.8, 4;
    %pushi/vec4 0, 0, 2;
    %store/vec4 v0000021109a92170_0, 0, 2;
    %jmp T_1.9;
T_1.8 ;
    %pushi/vec4 2, 0, 2;
    %store/vec4 v0000021109a92170_0, 0, 2;
T_1.9 ;
    %jmp T_1.5;
T_1.2 ;
    %load/vec4 v0000021109a920d0_0;
    %cmpi/e 0, 0, 1;
    %jmp/0xz  T_1.10, 4;
    %pushi/vec4 3, 0, 2;
    %store/vec4 v0000021109a92170_0, 0, 2;
    %jmp T_1.11;
T_1.10 ;
    %pushi/vec4 2, 0, 2;
    %store/vec4 v0000021109a92170_0, 0, 2;
T_1.11 ;
    %jmp T_1.5;
T_1.3 ;
    %load/vec4 v0000021109a920d0_0;
    %cmpi/e 0, 0, 1;
    %jmp/0xz  T_1.12, 4;
    %pushi/vec4 0, 0, 2;
    %store/vec4 v0000021109a92170_0, 0, 2;
    %jmp T_1.13;
T_1.12 ;
    %pushi/vec4 1, 0, 2;
    %store/vec4 v0000021109a92170_0, 0, 2;
T_1.13 ;
    %jmp T_1.5;
T_1.5 ;
    %pop/vec4 1;
    %jmp T_1;
    .thread T_1, $push;
    .scope S_0000021109bcbb20;
T_2 ;
    %pushi/vec4 0, 0, 1;
    %store/vec4 v0000021109a92350_0, 0, 1;
T_2.0 ;
    %delay 5, 0;
    %load/vec4 v0000021109a92350_0;
    %inv;
    %store/vec4 v0000021109a92350_0, 0, 1;
    %jmp T_2.0;
    %end;
    .thread T_2;
    .scope S_0000021109bcbb20;
T_3 ;
    %vpi_call 2 15 "$dumpfile", "tb_seq_detect_mealy" {0 0 0};
    %vpi_call 2 16 "$dumpvars", 32'sb00000000000000000000000000000000, S_0000021109bcbb20 {0 0 0};
    %end;
    .thread T_3;
    .scope S_0000021109bcbb20;
T_4 ;
    %pushi/vec4 1, 0, 1;
    %store/vec4 v0000021109a43ab0_0, 0, 1;
    %pushi/vec4 0, 0, 1;
    %store/vec4 v0000021109a442d0_0, 0, 1;
    %delay 10, 0;
    %pushi/vec4 0, 0, 1;
    %store/vec4 v0000021109a43ab0_0, 0, 1;
    %delay 10, 0;
    %pushi/vec4 1, 0, 1;
    %store/vec4 v0000021109a442d0_0, 0, 1;
    %delay 10, 0;
    %pushi/vec4 1, 0, 1;
    %store/vec4 v0000021109a442d0_0, 0, 1;
    %delay 10, 0;
    %pushi/vec4 0, 0, 1;
    %store/vec4 v0000021109a442d0_0, 0, 1;
    %delay 10, 0;
    %pushi/vec4 1, 0, 1;
    %store/vec4 v0000021109a442d0_0, 0, 1;
    %delay 10, 0;
    %pushi/vec4 1, 0, 1;
    %store/vec4 v0000021109a442d0_0, 0, 1;
    %delay 10, 0;
    %pushi/vec4 0, 0, 1;
    %store/vec4 v0000021109a442d0_0, 0, 1;
    %delay 10, 0;
    %pushi/vec4 1, 0, 1;
    %store/vec4 v0000021109a442d0_0, 0, 1;
    %delay 10, 0;
    %pushi/vec4 1, 0, 1;
    %store/vec4 v0000021109a442d0_0, 0, 1;
    %delay 10, 0;
    %pushi/vec4 1, 0, 1;
    %store/vec4 v0000021109a442d0_0, 0, 1;
    %delay 10, 0;
    %pushi/vec4 0, 0, 1;
    %store/vec4 v0000021109a442d0_0, 0, 1;
    %delay 10, 0;
    %pushi/vec4 1, 0, 1;
    %store/vec4 v0000021109a442d0_0, 0, 1;
    %delay 50, 0;
    %vpi_call 2 39 "$finish" {0 0 0};
    %end;
    .thread T_4;
# The file index is used to find the file name in the following table.
:file_names 4;
    "N/A";
    "<interactive>";
    "tb_seq_detect_mealy.v";
    "seq_detect_mealy.v";
