#! /c/Source/iverilog-install/bin/vvp
:ivl_version "12.0 (devel)" "(s20150603-1539-g2693dd32b)";
:ivl_delay_selection "TYPICAL";
:vpi_time_precision + 0;
:vpi_module "C:\iverilog\lib\ivl\system.vpi";
:vpi_module "C:\iverilog\lib\ivl\vhdl_sys.vpi";
:vpi_module "C:\iverilog\lib\ivl\vhdl_textio.vpi";
:vpi_module "C:\iverilog\lib\ivl\v2005_math.vpi";
:vpi_module "C:\iverilog\lib\ivl\va_math.vpi";
S_0000027c6bdf6e00 .scope module, "tb_link_top" "tb_link_top" 2 1;
 .timescale 0 0;
v0000027c6bde38c0_0 .var "clk", 0 0;
v0000027c6bde3aa0_0 .net "done", 0 0, L_0000027c6bdd9ab0;  1 drivers
v0000027c6bde3b40_0 .var "rst", 0 0;
E_0000027c6bdd67f0 .event posedge, v0000027c6bdec220_0;
S_0000027c6bdf6f90 .scope module, "dut" "link_top" 2 6, 3 1 0, S_0000027c6bdf6e00;
 .timescale 0 0;
    .port_info 0 /INPUT 1 "clk";
    .port_info 1 /INPUT 1 "rst";
    .port_info 2 /OUTPUT 1 "done";
v0000027c6bde3960_0 .net "ack", 0 0, L_0000027c6bdd9030;  1 drivers
v0000027c6bde3640_0 .net "clk", 0 0, v0000027c6bde38c0_0;  1 drivers
v0000027c6bde3be0_0 .net "data", 7 0, L_0000027c6bdd9340;  1 drivers
v0000027c6bde3fa0_0 .net "done", 0 0, L_0000027c6bdd9ab0;  alias, 1 drivers
v0000027c6bde4040_0 .net "last_byte", 7 0, L_0000027c6bdd9650;  1 drivers
v0000027c6bde42c0_0 .net "req", 0 0, L_0000027c6bdd9260;  1 drivers
v0000027c6bde3820_0 .net "rst", 0 0, v0000027c6bde3b40_0;  1 drivers
S_0000027c6bdebf50 .scope module, "u_master" "master_fsm" 3 11, 4 1 0, S_0000027c6bdf6f90;
 .timescale 0 0;
    .port_info 0 /INPUT 1 "clk";
    .port_info 1 /INPUT 1 "rst";
    .port_info 2 /INPUT 1 "ack";
    .port_info 3 /OUTPUT 1 "req";
    .port_info 4 /OUTPUT 8 "data";
    .port_info 5 /OUTPUT 1 "done";
P_0000027c6bdd4d60 .param/l "DONE_STATE" 1 4 14, C4<100>;
P_0000027c6bdd4d98 .param/l "IDLE" 1 4 10, C4<000>;
P_0000027c6bdd4dd0 .param/l "REQ" 1 4 11, C4<001>;
P_0000027c6bdd4e08 .param/l "WAIT_ACK" 1 4 12, C4<010>;
P_0000027c6bdd4e40 .param/l "WAIT_ACK_DROP" 1 4 13, C4<011>;
L_0000027c6bdd9260 .functor BUFZ 1, v0000027c6bd967b0_0, C4<0>, C4<0>, C4<0>;
L_0000027c6bdd9340 .functor BUFZ 8, v0000027c6bdec180_0, C4<00000000>, C4<00000000>, C4<00000000>;
L_0000027c6bdd9ab0 .functor BUFZ 1, v0000027c6bdec2c0_0, C4<0>, C4<0>, C4<0>;
v0000027c6bd96cf0_0 .net "ack", 0 0, L_0000027c6bdd9030;  alias, 1 drivers
v0000027c6bd9be70_0 .var "byte_index", 1 0;
v0000027c6bdf7120_0 .net "clk", 0 0, v0000027c6bde38c0_0;  alias, 1 drivers
v0000027c6bdf71c0_0 .var "current_state", 2 0;
v0000027c6bdec0e0_0 .net "data", 7 0, L_0000027c6bdd9340;  alias, 1 drivers
v0000027c6bdec180_0 .var "data_reg", 7 0;
v0000027c6bdec220_0 .net "done", 0 0, L_0000027c6bdd9ab0;  alias, 1 drivers
v0000027c6bdec2c0_0 .var "done_reg", 0 0;
v0000027c6bd96670_0 .var "next_state", 2 0;
v0000027c6bd96710_0 .net "req", 0 0, L_0000027c6bdd9260;  alias, 1 drivers
v0000027c6bd967b0_0 .var "req_reg", 0 0;
v0000027c6bd96850_0 .net "rst", 0 0, v0000027c6bde3b40_0;  alias, 1 drivers
E_0000027c6bdd72f0 .event anyedge, v0000027c6bdf71c0_0, v0000027c6bd96cf0_0, v0000027c6bd9be70_0;
E_0000027c6bdd7370 .event posedge, v0000027c6bdf7120_0;
S_0000027c6bd968f0 .scope module, "u_slave" "slave_fsm" 3 20, 5 1 0, S_0000027c6bdf6f90;
 .timescale 0 0;
    .port_info 0 /INPUT 1 "clk";
    .port_info 1 /INPUT 1 "rst";
    .port_info 2 /INPUT 1 "req";
    .port_info 3 /INPUT 8 "data_in";
    .port_info 4 /OUTPUT 1 "ack";
    .port_info 5 /OUTPUT 8 "last_byte";
P_0000027c6bde33c0 .param/l "ACK_HOLD1" 1 5 12, C4<10>;
P_0000027c6bde33f8 .param/l "ACK_HOLD2" 1 5 13, C4<11>;
P_0000027c6bde3430 .param/l "GOT_REQ" 1 5 11, C4<01>;
P_0000027c6bde3468 .param/l "IDLE" 1 5 10, C4<00>;
L_0000027c6bdd9030 .functor BUFZ 1, v0000027c6bde3d20_0, C4<0>, C4<0>, C4<0>;
L_0000027c6bdd9650 .functor BUFZ 8, v0000027c6bde36e0_0, C4<00000000>, C4<00000000>, C4<00000000>;
v0000027c6bde4220_0 .net "ack", 0 0, L_0000027c6bdd9030;  alias, 1 drivers
v0000027c6bde3d20_0 .var "ack_reg", 0 0;
v0000027c6bde3500_0 .net "clk", 0 0, v0000027c6bde38c0_0;  alias, 1 drivers
v0000027c6bde3a00_0 .var "current_state", 1 0;
v0000027c6bde35a0_0 .net "data_in", 7 0, L_0000027c6bdd9340;  alias, 1 drivers
v0000027c6bde3dc0_0 .net "last_byte", 7 0, L_0000027c6bdd9650;  alias, 1 drivers
v0000027c6bde36e0_0 .var "last_byte_reg", 7 0;
v0000027c6bde3c80_0 .var "next_state", 1 0;
v0000027c6bde4180_0 .net "req", 0 0, L_0000027c6bdd9260;  alias, 1 drivers
v0000027c6bde3780_0 .net "rst", 0 0, v0000027c6bde3b40_0;  alias, 1 drivers
E_0000027c6bdd7530 .event anyedge, v0000027c6bde3a00_0, v0000027c6bd96710_0, v0000027c6bdec0e0_0;
    .scope S_0000027c6bdebf50;
T_0 ;
    %wait E_0000027c6bdd7370;
    %load/vec4 v0000027c6bd96850_0;
    %flag_set/vec4 8;
    %jmp/0xz  T_0.0, 8;
    %pushi/vec4 0, 0, 3;
    %assign/vec4 v0000027c6bdf71c0_0, 0;
    %pushi/vec4 0, 0, 2;
    %assign/vec4 v0000027c6bd9be70_0, 0;
    %jmp T_0.1;
T_0.0 ;
    %load/vec4 v0000027c6bd96670_0;
    %assign/vec4 v0000027c6bdf71c0_0, 0;
    %load/vec4 v0000027c6bdf71c0_0;
    %cmpi/e 3, 0, 3;
    %flag_get/vec4 4;
    %jmp/0 T_0.4, 4;
    %load/vec4 v0000027c6bd9be70_0;
    %pad/u 32;
    %cmpi/u 3, 0, 32;
    %flag_get/vec4 5;
    %and;
T_0.4;
    %flag_set/vec4 8;
    %jmp/0xz  T_0.2, 8;
    %load/vec4 v0000027c6bd9be70_0;
    %addi 1, 0, 2;
    %assign/vec4 v0000027c6bd9be70_0, 0;
T_0.2 ;
T_0.1 ;
    %jmp T_0;
    .thread T_0;
    .scope S_0000027c6bdebf50;
T_1 ;
    %wait E_0000027c6bdd72f0;
    %load/vec4 v0000027c6bdf71c0_0;
    %store/vec4 v0000027c6bd96670_0, 0, 3;
    %load/vec4 v0000027c6bdf71c0_0;
    %dup/vec4;
    %pushi/vec4 0, 0, 3;
    %cmp/u;
    %jmp/1 T_1.0, 6;
    %dup/vec4;
    %pushi/vec4 1, 0, 3;
    %cmp/u;
    %jmp/1 T_1.1, 6;
    %dup/vec4;
    %pushi/vec4 2, 0, 3;
    %cmp/u;
    %jmp/1 T_1.2, 6;
    %dup/vec4;
    %pushi/vec4 3, 0, 3;
    %cmp/u;
    %jmp/1 T_1.3, 6;
    %dup/vec4;
    %pushi/vec4 4, 0, 3;
    %cmp/u;
    %jmp/1 T_1.4, 6;
    %pushi/vec4 0, 0, 3;
    %store/vec4 v0000027c6bd96670_0, 0, 3;
    %pushi/vec4 0, 0, 1;
    %store/vec4 v0000027c6bd967b0_0, 0, 1;
    %pushi/vec4 0, 0, 1;
    %store/vec4 v0000027c6bdec2c0_0, 0, 1;
    %jmp T_1.6;
T_1.0 ;
    %pushi/vec4 0, 0, 1;
    %store/vec4 v0000027c6bd967b0_0, 0, 1;
    %pushi/vec4 0, 0, 1;
    %store/vec4 v0000027c6bdec2c0_0, 0, 1;
    %pushi/vec4 1, 0, 3;
    %store/vec4 v0000027c6bd96670_0, 0, 3;
    %jmp T_1.6;
T_1.1 ;
    %pushi/vec4 1, 0, 1;
    %store/vec4 v0000027c6bd967b0_0, 0, 1;
    %pushi/vec4 2, 0, 3;
    %store/vec4 v0000027c6bd96670_0, 0, 3;
    %jmp T_1.6;
T_1.2 ;
    %pushi/vec4 1, 0, 1;
    %store/vec4 v0000027c6bd967b0_0, 0, 1;
    %load/vec4 v0000027c6bd96cf0_0;
    %flag_set/vec4 8;
    %jmp/0xz  T_1.7, 8;
    %pushi/vec4 3, 0, 3;
    %store/vec4 v0000027c6bd96670_0, 0, 3;
T_1.7 ;
    %jmp T_1.6;
T_1.3 ;
    %pushi/vec4 0, 0, 1;
    %store/vec4 v0000027c6bd967b0_0, 0, 1;
    %load/vec4 v0000027c6bd96cf0_0;
    %nor/r;
    %flag_set/vec4 8;
    %jmp/0xz  T_1.9, 8;
    %load/vec4 v0000027c6bd9be70_0;
    %pad/u 32;
    %cmpi/e 3, 0, 32;
    %jmp/0xz  T_1.11, 4;
    %pushi/vec4 4, 0, 3;
    %store/vec4 v0000027c6bd96670_0, 0, 3;
    %jmp T_1.12;
T_1.11 ;
    %pushi/vec4 1, 0, 3;
    %store/vec4 v0000027c6bd96670_0, 0, 3;
T_1.12 ;
T_1.9 ;
    %jmp T_1.6;
T_1.4 ;
    %pushi/vec4 1, 0, 1;
    %store/vec4 v0000027c6bdec2c0_0, 0, 1;
    %pushi/vec4 0, 0, 3;
    %store/vec4 v0000027c6bd96670_0, 0, 3;
    %jmp T_1.6;
T_1.6 ;
    %pop/vec4 1;
    %jmp T_1;
    .thread T_1, $push;
    .scope S_0000027c6bd968f0;
T_2 ;
    %wait E_0000027c6bdd7370;
    %load/vec4 v0000027c6bde3780_0;
    %flag_set/vec4 8;
    %jmp/0xz  T_2.0, 8;
    %pushi/vec4 0, 0, 2;
    %assign/vec4 v0000027c6bde3a00_0, 0;
    %pushi/vec4 0, 0, 1;
    %assign/vec4 v0000027c6bde3d20_0, 0;
    %jmp T_2.1;
T_2.0 ;
    %load/vec4 v0000027c6bde3c80_0;
    %assign/vec4 v0000027c6bde3a00_0, 0;
T_2.1 ;
    %jmp T_2;
    .thread T_2;
    .scope S_0000027c6bd968f0;
T_3 ;
    %wait E_0000027c6bdd7530;
    %load/vec4 v0000027c6bde3a00_0;
    %store/vec4 v0000027c6bde3c80_0, 0, 2;
    %load/vec4 v0000027c6bde3a00_0;
    %dup/vec4;
    %pushi/vec4 0, 0, 2;
    %cmp/u;
    %jmp/1 T_3.0, 6;
    %dup/vec4;
    %pushi/vec4 1, 0, 2;
    %cmp/u;
    %jmp/1 T_3.1, 6;
    %dup/vec4;
    %pushi/vec4 2, 0, 2;
    %cmp/u;
    %jmp/1 T_3.2, 6;
    %dup/vec4;
    %pushi/vec4 3, 0, 2;
    %cmp/u;
    %jmp/1 T_3.3, 6;
    %pushi/vec4 0, 0, 2;
    %store/vec4 v0000027c6bde3c80_0, 0, 2;
    %pushi/vec4 0, 0, 1;
    %store/vec4 v0000027c6bde3d20_0, 0, 1;
    %jmp T_3.5;
T_3.0 ;
    %load/vec4 v0000027c6bde4180_0;
    %flag_set/vec4 8;
    %jmp/0xz  T_3.6, 8;
    %load/vec4 v0000027c6bde35a0_0;
    %store/vec4 v0000027c6bde36e0_0, 0, 8;
    %pushi/vec4 1, 0, 1;
    %store/vec4 v0000027c6bde3d20_0, 0, 1;
    %pushi/vec4 1, 0, 2;
    %store/vec4 v0000027c6bde3c80_0, 0, 2;
T_3.6 ;
    %jmp T_3.5;
T_3.1 ;
    %pushi/vec4 1, 0, 1;
    %store/vec4 v0000027c6bde3d20_0, 0, 1;
    %pushi/vec4 2, 0, 2;
    %store/vec4 v0000027c6bde3c80_0, 0, 2;
    %jmp T_3.5;
T_3.2 ;
    %pushi/vec4 1, 0, 1;
    %store/vec4 v0000027c6bde3d20_0, 0, 1;
    %pushi/vec4 3, 0, 2;
    %store/vec4 v0000027c6bde3c80_0, 0, 2;
    %jmp T_3.5;
T_3.3 ;
    %pushi/vec4 1, 0, 1;
    %store/vec4 v0000027c6bde3d20_0, 0, 1;
    %load/vec4 v0000027c6bde4180_0;
    %nor/r;
    %flag_set/vec4 8;
    %jmp/0xz  T_3.8, 8;
    %pushi/vec4 0, 0, 1;
    %store/vec4 v0000027c6bde3d20_0, 0, 1;
    %pushi/vec4 0, 0, 2;
    %store/vec4 v0000027c6bde3c80_0, 0, 2;
T_3.8 ;
    %jmp T_3.5;
T_3.5 ;
    %pop/vec4 1;
    %jmp T_3;
    .thread T_3, $push;
    .scope S_0000027c6bdf6e00;
T_4 ;
    %pushi/vec4 0, 0, 1;
    %store/vec4 v0000027c6bde38c0_0, 0, 1;
T_4.0 ;
    %delay 5, 0;
    %load/vec4 v0000027c6bde38c0_0;
    %inv;
    %store/vec4 v0000027c6bde38c0_0, 0, 1;
    %jmp T_4.0;
    %end;
    .thread T_4;
    .scope S_0000027c6bdf6e00;
T_5 ;
    %vpi_call 2 15 "$dumpfile", "tb_top_link.vcd" {0 0 0};
    %vpi_call 2 16 "$dumpvars", 32'sb00000000000000000000000000000000, S_0000027c6bdf6e00 {0 0 0};
    %end;
    .thread T_5;
    .scope S_0000027c6bdf6e00;
T_6 ;
    %pushi/vec4 1, 0, 1;
    %store/vec4 v0000027c6bde3b40_0, 0, 1;
    %delay 10, 0;
    %pushi/vec4 0, 0, 1;
    %store/vec4 v0000027c6bde3b40_0, 0, 1;
    %wait E_0000027c6bdd67f0;
    %delay 10, 0;
    %vpi_call 2 25 "$finish" {0 0 0};
    %end;
    .thread T_6;
# The file index is used to find the file name in the following table.
:file_names 6;
    "N/A";
    "<interactive>";
    "tb_link_top.v";
    "link_top.v";
    "master_fsm.v";
    "slave_fsm.v";
