#! /c/Source/iverilog-install/bin/vvp
:ivl_version "12.0 (devel)" "(s20150603-1539-g2693dd32b)";
:ivl_delay_selection "TYPICAL";
:vpi_time_precision + 0;
:vpi_module "C:\iverilog\lib\ivl\system.vpi";
:vpi_module "C:\iverilog\lib\ivl\vhdl_sys.vpi";
:vpi_module "C:\iverilog\lib\ivl\vhdl_textio.vpi";
:vpi_module "C:\iverilog\lib\ivl\v2005_math.vpi";
:vpi_module "C:\iverilog\lib\ivl\va_math.vpi";
S_00000163b4f6d6e0 .scope module, "tb_traffic_light" "tb_traffic_light" 2 1;
 .timescale 0 0;
v00000163b4e677c0_0 .var "clk", 0 0;
v00000163b4e68260_0 .net "ew_g", 0 0, L_00000163b4e67720;  1 drivers
v00000163b4e68080_0 .net "ew_r", 0 0, L_00000163b4e0f0b0;  1 drivers
v00000163b4e681c0_0 .net "ew_y", 0 0, L_00000163b4e68800;  1 drivers
v00000163b4e67c20_0 .net "ns_g", 0 0, L_00000163b4e68620;  1 drivers
v00000163b4e67ae0_0 .net "ns_r", 0 0, L_00000163b4e0f040;  1 drivers
v00000163b4e68300_0 .net "ns_y", 0 0, L_00000163b4e683a0;  1 drivers
v00000163b4e67cc0_0 .var "rst", 0 0;
v00000163b4e67220_0 .net "tick", 0 0, L_00000163b4e0f120;  1 drivers
S_00000163b4f6d870 .scope module, "dut" "traffic_light" 2 18, 3 1 0, S_00000163b4f6d6e0;
 .timescale 0 0;
    .port_info 0 /INPUT 1 "clk";
    .port_info 1 /INPUT 1 "rst";
    .port_info 2 /INPUT 1 "tick";
    .port_info 3 /OUTPUT 1 "ns_g";
    .port_info 4 /OUTPUT 1 "ns_y";
    .port_info 5 /OUTPUT 1 "ns_r";
    .port_info 6 /OUTPUT 1 "ew_g";
    .port_info 7 /OUTPUT 1 "ew_y";
    .port_info 8 /OUTPUT 1 "ew_r";
P_00000163b4dfd580 .param/l "EW_G_STATE" 1 3 15, C4<10>;
P_00000163b4dfd5b8 .param/l "EW_Y_STATE" 1 3 16, C4<11>;
P_00000163b4dfd5f0 .param/l "NS_G_STATE" 1 3 13, C4<00>;
P_00000163b4dfd628 .param/l "NS_Y_STATE" 1 3 14, C4<01>;
L_00000163b4e0f040 .functor OR 1, L_00000163b4e68d00, L_00000163b4e67fe0, C4<0>, C4<0>;
L_00000163b4e0f0b0 .functor OR 1, L_00000163b4e68760, L_00000163b4e67540, C4<0>, C4<0>;
L_00000163b4e69008 .functor BUFT 1, C4<00>, C4<0>, C4<0>, C4<0>;
v00000163b4dd2b90_0 .net/2u *"_ivl_0", 1 0, L_00000163b4e69008;  1 drivers
v00000163b4dd2f50_0 .net *"_ivl_10", 0 0, L_00000163b4e68d00;  1 drivers
L_00000163b4e690e0 .functor BUFT 1, C4<11>, C4<0>, C4<0>, C4<0>;
v00000163b4e66490_0 .net/2u *"_ivl_12", 1 0, L_00000163b4e690e0;  1 drivers
v00000163b4e66a30_0 .net *"_ivl_14", 0 0, L_00000163b4e67fe0;  1 drivers
L_00000163b4e69128 .functor BUFT 1, C4<10>, C4<0>, C4<0>, C4<0>;
v00000163b4e66990_0 .net/2u *"_ivl_18", 1 0, L_00000163b4e69128;  1 drivers
L_00000163b4e69170 .functor BUFT 1, C4<11>, C4<0>, C4<0>, C4<0>;
v00000163b4e66710_0 .net/2u *"_ivl_22", 1 0, L_00000163b4e69170;  1 drivers
L_00000163b4e691b8 .functor BUFT 1, C4<00>, C4<0>, C4<0>, C4<0>;
v00000163b4e668f0_0 .net/2u *"_ivl_26", 1 0, L_00000163b4e691b8;  1 drivers
v00000163b4e66530_0 .net *"_ivl_28", 0 0, L_00000163b4e68760;  1 drivers
L_00000163b4e69200 .functor BUFT 1, C4<01>, C4<0>, C4<0>, C4<0>;
v00000163b4e663f0_0 .net/2u *"_ivl_30", 1 0, L_00000163b4e69200;  1 drivers
v00000163b4e66ad0_0 .net *"_ivl_32", 0 0, L_00000163b4e67540;  1 drivers
L_00000163b4e69050 .functor BUFT 1, C4<01>, C4<0>, C4<0>, C4<0>;
v00000163b4e66d50_0 .net/2u *"_ivl_4", 1 0, L_00000163b4e69050;  1 drivers
L_00000163b4e69098 .functor BUFT 1, C4<10>, C4<0>, C4<0>, C4<0>;
v00000163b4e660d0_0 .net/2u *"_ivl_8", 1 0, L_00000163b4e69098;  1 drivers
v00000163b4e66210_0 .net "clk", 0 0, v00000163b4e677c0_0;  1 drivers
v00000163b4e66030_0 .var "counter", 3 0;
v00000163b4e66c10_0 .var "current_state", 1 0;
v00000163b4e66850_0 .net "ew_g", 0 0, L_00000163b4e67720;  alias, 1 drivers
v00000163b4e66170_0 .net "ew_r", 0 0, L_00000163b4e0f0b0;  alias, 1 drivers
v00000163b4e66cb0_0 .net "ew_y", 0 0, L_00000163b4e68800;  alias, 1 drivers
v00000163b4e665d0_0 .var "next_state", 1 0;
v00000163b4e662b0_0 .net "ns_g", 0 0, L_00000163b4e68620;  alias, 1 drivers
v00000163b4e667b0_0 .net "ns_r", 0 0, L_00000163b4e0f040;  alias, 1 drivers
v00000163b4e66670_0 .net "ns_y", 0 0, L_00000163b4e683a0;  alias, 1 drivers
v00000163b4e66b70_0 .net "rst", 0 0, v00000163b4e67cc0_0;  1 drivers
v00000163b4e66df0_0 .net "tick", 0 0, L_00000163b4e0f120;  alias, 1 drivers
E_00000163b4df6ff0 .event anyedge, v00000163b4e66c10_0, v00000163b4e66030_0;
E_00000163b4df76b0 .event posedge, v00000163b4e66210_0;
L_00000163b4e68620 .cmp/eq 2, v00000163b4e66c10_0, L_00000163b4e69008;
L_00000163b4e683a0 .cmp/eq 2, v00000163b4e66c10_0, L_00000163b4e69050;
L_00000163b4e68d00 .cmp/eq 2, v00000163b4e66c10_0, L_00000163b4e69098;
L_00000163b4e67fe0 .cmp/eq 2, v00000163b4e66c10_0, L_00000163b4e690e0;
L_00000163b4e67720 .cmp/eq 2, v00000163b4e66c10_0, L_00000163b4e69128;
L_00000163b4e68800 .cmp/eq 2, v00000163b4e66c10_0, L_00000163b4e69170;
L_00000163b4e68760 .cmp/eq 2, v00000163b4e66c10_0, L_00000163b4e691b8;
L_00000163b4e67540 .cmp/eq 2, v00000163b4e66c10_0, L_00000163b4e69200;
S_00000163b4dd24d0 .scope module, "u_prescaler" "tick_prescaler" 2 12, 4 2 0, S_00000163b4f6d6e0;
 .timescale 0 0;
    .port_info 0 /INPUT 1 "clk";
    .port_info 1 /INPUT 1 "rst";
    .port_info 2 /OUTPUT 1 "tick";
P_00000163b4dd2660 .param/l "CLK_FREQ_HZ" 0 4 3, +C4<00000000000000000000000001100100>;
P_00000163b4dd2698 .param/l "TERMINAL_COUNT" 1 4 11, +C4<00000000000000000000000000010100>;
P_00000163b4dd26d0 .param/l "TICK_HZ" 0 4 4, +C4<00000000000000000000000000000101>;
L_00000163b4e0f120 .functor BUFZ 1, v00000163b4e67360_0, C4<0>, C4<0>, C4<0>;
v00000163b4e66e90_0 .net "clk", 0 0, v00000163b4e677c0_0;  alias, 1 drivers
v00000163b4e66f30_0 .var "counter", 31 0;
v00000163b4e66350_0 .net "rst", 0 0, v00000163b4e67cc0_0;  alias, 1 drivers
v00000163b4e675e0_0 .net "tick", 0 0, L_00000163b4e0f120;  alias, 1 drivers
v00000163b4e67360_0 .var "tick_reg", 0 0;
    .scope S_00000163b4dd24d0;
T_0 ;
    %wait E_00000163b4df76b0;
    %load/vec4 v00000163b4e66350_0;
    %flag_set/vec4 8;
    %jmp/0xz  T_0.0, 8;
    %pushi/vec4 0, 0, 32;
    %assign/vec4 v00000163b4e66f30_0, 0;
    %pushi/vec4 0, 0, 1;
    %assign/vec4 v00000163b4e67360_0, 0;
    %jmp T_0.1;
T_0.0 ;
    %load/vec4 v00000163b4e66f30_0;
    %cmpi/e 19, 0, 32;
    %jmp/0xz  T_0.2, 4;
    %pushi/vec4 0, 0, 32;
    %assign/vec4 v00000163b4e66f30_0, 0;
    %pushi/vec4 1, 0, 1;
    %assign/vec4 v00000163b4e67360_0, 0;
    %jmp T_0.3;
T_0.2 ;
    %load/vec4 v00000163b4e66f30_0;
    %addi 1, 0, 32;
    %assign/vec4 v00000163b4e66f30_0, 0;
    %pushi/vec4 0, 0, 1;
    %assign/vec4 v00000163b4e67360_0, 0;
T_0.3 ;
T_0.1 ;
    %jmp T_0;
    .thread T_0;
    .scope S_00000163b4f6d870;
T_1 ;
    %wait E_00000163b4df76b0;
    %load/vec4 v00000163b4e66b70_0;
    %flag_set/vec4 8;
    %jmp/0xz  T_1.0, 8;
    %pushi/vec4 0, 0, 2;
    %assign/vec4 v00000163b4e66c10_0, 0;
    %pushi/vec4 0, 0, 4;
    %assign/vec4 v00000163b4e66030_0, 0;
    %jmp T_1.1;
T_1.0 ;
    %load/vec4 v00000163b4e665d0_0;
    %assign/vec4 v00000163b4e66c10_0, 0;
    %load/vec4 v00000163b4e66df0_0;
    %flag_set/vec4 8;
    %jmp/0xz  T_1.2, 8;
    %load/vec4 v00000163b4e66030_0;
    %addi 1, 0, 4;
    %assign/vec4 v00000163b4e66030_0, 0;
T_1.2 ;
T_1.1 ;
    %jmp T_1;
    .thread T_1;
    .scope S_00000163b4f6d870;
T_2 ;
    %wait E_00000163b4df6ff0;
    %load/vec4 v00000163b4e66c10_0;
    %store/vec4 v00000163b4e665d0_0, 0, 2;
    %load/vec4 v00000163b4e66c10_0;
    %dup/vec4;
    %pushi/vec4 0, 0, 2;
    %cmp/u;
    %jmp/1 T_2.0, 6;
    %dup/vec4;
    %pushi/vec4 1, 0, 2;
    %cmp/u;
    %jmp/1 T_2.1, 6;
    %dup/vec4;
    %pushi/vec4 2, 0, 2;
    %cmp/u;
    %jmp/1 T_2.2, 6;
    %dup/vec4;
    %pushi/vec4 3, 0, 2;
    %cmp/u;
    %jmp/1 T_2.3, 6;
    %jmp T_2.4;
T_2.0 ;
    %load/vec4 v00000163b4e66030_0;
    %pad/u 32;
    %cmpi/e 4, 0, 32;
    %jmp/0xz  T_2.5, 4;
    %pushi/vec4 1, 0, 2;
    %store/vec4 v00000163b4e665d0_0, 0, 2;
T_2.5 ;
    %jmp T_2.4;
T_2.1 ;
    %load/vec4 v00000163b4e66030_0;
    %pad/u 32;
    %cmpi/e 1, 0, 32;
    %jmp/0xz  T_2.7, 4;
    %pushi/vec4 2, 0, 2;
    %store/vec4 v00000163b4e665d0_0, 0, 2;
T_2.7 ;
    %jmp T_2.4;
T_2.2 ;
    %load/vec4 v00000163b4e66030_0;
    %pad/u 32;
    %cmpi/e 4, 0, 32;
    %jmp/0xz  T_2.9, 4;
    %pushi/vec4 3, 0, 2;
    %store/vec4 v00000163b4e665d0_0, 0, 2;
T_2.9 ;
    %jmp T_2.4;
T_2.3 ;
    %load/vec4 v00000163b4e66030_0;
    %pad/u 32;
    %cmpi/e 1, 0, 32;
    %jmp/0xz  T_2.11, 4;
    %pushi/vec4 0, 0, 2;
    %store/vec4 v00000163b4e665d0_0, 0, 2;
T_2.11 ;
    %jmp T_2.4;
T_2.4 ;
    %pop/vec4 1;
    %jmp T_2;
    .thread T_2, $push;
    .scope S_00000163b4f6d6e0;
T_3 ;
    %pushi/vec4 0, 0, 1;
    %store/vec4 v00000163b4e677c0_0, 0, 1;
T_3.0 ;
    %delay 5, 0;
    %load/vec4 v00000163b4e677c0_0;
    %inv;
    %store/vec4 v00000163b4e677c0_0, 0, 1;
    %jmp T_3.0;
    %end;
    .thread T_3;
    .scope S_00000163b4f6d6e0;
T_4 ;
    %vpi_call 2 30 "$dumpfile", "tb_traffic_light" {0 0 0};
    %vpi_call 2 31 "$dumpvars", 32'sb00000000000000000000000000000000, S_00000163b4f6d6e0 {0 0 0};
    %end;
    .thread T_4;
    .scope S_00000163b4f6d6e0;
T_5 ;
    %pushi/vec4 1, 0, 1;
    %store/vec4 v00000163b4e67cc0_0, 0, 1;
    %delay 10, 0;
    %pushi/vec4 0, 0, 1;
    %store/vec4 v00000163b4e67cc0_0, 0, 1;
    %delay 2000, 0;
    %vpi_call 2 38 "$finish" {0 0 0};
    %end;
    .thread T_5;
# The file index is used to find the file name in the following table.
:file_names 5;
    "N/A";
    "<interactive>";
    "tb_traffic_light.v";
    "traffic_light.v";
    "tick_prescaler.v";
