#! /c/Source/iverilog-install/bin/vvp
:ivl_version "12.0 (devel)" "(s20150603-1539-g2693dd32b)";
:ivl_delay_selection "TYPICAL";
:vpi_time_precision + 0;
:vpi_module "C:\iverilog\lib\ivl\system.vpi";
:vpi_module "C:\iverilog\lib\ivl\vhdl_sys.vpi";
:vpi_module "C:\iverilog\lib\ivl\vhdl_textio.vpi";
:vpi_module "C:\iverilog\lib\ivl\v2005_math.vpi";
:vpi_module "C:\iverilog\lib\ivl\va_math.vpi";
S_000001d34e7ea090 .scope module, "tb_vending_mealy" "tb_vending_mealy" 2 2;
 .timescale 0 0;
v000001d34e8460e0_0 .net "chg5", 0 0, L_000001d34e7d7e80;  1 drivers
v000001d34e8462c0_0 .var "clk", 0 0;
v000001d34e846a40_0 .var "coin", 1 0;
v000001d34e845d20_0 .net "dispense", 0 0, L_000001d34e7d7630;  1 drivers
v000001d34e8464a0_0 .var "rst", 0 0;
S_000001d34e7ea220 .scope module, "dut" "vending_mealy" 2 8, 3 1 0, S_000001d34e7ea090;
 .timescale 0 0;
    .port_info 0 /INPUT 1 "clk";
    .port_info 1 /INPUT 1 "rst";
    .port_info 2 /INPUT 2 "coin";
    .port_info 3 /OUTPUT 1 "dispense";
    .port_info 4 /OUTPUT 1 "chg5";
P_000001d34e7d83d0 .param/l "S0" 1 3 9, C4<000>;
P_000001d34e7d8408 .param/l "S10" 1 3 11, C4<010>;
P_000001d34e7d8440 .param/l "S15" 1 3 12, C4<011>;
P_000001d34e7d8478 .param/l "S20" 1 3 13, C4<100>;
P_000001d34e7d84b0 .param/l "S5" 1 3 10, C4<001>;
L_000001d34e7d7da0 .functor AND 1, L_000001d34e845e60, L_000001d34e845c80, C4<1>, C4<1>;
L_000001d34e7d78d0 .functor AND 1, L_000001d34e845f00, L_000001d34e847620, C4<1>, C4<1>;
L_000001d34e7d79b0 .functor OR 1, L_000001d34e7d7da0, L_000001d34e7d78d0, C4<0>, C4<0>;
L_000001d34e7d76a0 .functor AND 1, L_000001d34e846720, L_000001d34e846680, C4<1>, C4<1>;
L_000001d34e7d7630 .functor OR 1, L_000001d34e7d79b0, L_000001d34e7d76a0, C4<0>, C4<0>;
L_000001d34e7d7d30 .functor AND 1, L_000001d34e846540, L_000001d34e847080, C4<1>, C4<1>;
L_000001d34e7d7400 .functor AND 1, L_000001d34e846860, L_000001d34e847760, C4<1>, C4<1>;
L_000001d34e7d7e80 .functor OR 1, L_000001d34e7d7d30, L_000001d34e7d7400, C4<0>, C4<0>;
L_000001d34e8482a8 .functor BUFT 1, C4<011>, C4<0>, C4<0>, C4<0>;
v000001d34e7dd240_0 .net/2u *"_ivl_0", 2 0, L_000001d34e8482a8;  1 drivers
L_000001d34e848338 .functor BUFT 1, C4<100>, C4<0>, C4<0>, C4<0>;
v000001d34e7dd4c0_0 .net/2u *"_ivl_10", 2 0, L_000001d34e848338;  1 drivers
v000001d34e7dd880_0 .net *"_ivl_12", 0 0, L_000001d34e845f00;  1 drivers
L_000001d34e848380 .functor BUFT 1, C4<01>, C4<0>, C4<0>, C4<0>;
v000001d34e7dd560_0 .net/2u *"_ivl_14", 1 0, L_000001d34e848380;  1 drivers
v000001d34e7ddba0_0 .net *"_ivl_16", 0 0, L_000001d34e847620;  1 drivers
v000001d34e7ddec0_0 .net *"_ivl_19", 0 0, L_000001d34e7d78d0;  1 drivers
v000001d34e7dd380_0 .net *"_ivl_2", 0 0, L_000001d34e845e60;  1 drivers
v000001d34e7dd2e0_0 .net *"_ivl_21", 0 0, L_000001d34e7d79b0;  1 drivers
L_000001d34e8483c8 .functor BUFT 1, C4<100>, C4<0>, C4<0>, C4<0>;
v000001d34e7dd420_0 .net/2u *"_ivl_22", 2 0, L_000001d34e8483c8;  1 drivers
v000001d34e7dd600_0 .net *"_ivl_24", 0 0, L_000001d34e846720;  1 drivers
L_000001d34e848410 .functor BUFT 1, C4<10>, C4<0>, C4<0>, C4<0>;
v000001d34e7dd6a0_0 .net/2u *"_ivl_26", 1 0, L_000001d34e848410;  1 drivers
v000001d34e7dd9c0_0 .net *"_ivl_28", 0 0, L_000001d34e846680;  1 drivers
v000001d34e7dd740_0 .net *"_ivl_31", 0 0, L_000001d34e7d76a0;  1 drivers
L_000001d34e848458 .functor BUFT 1, C4<011>, C4<0>, C4<0>, C4<0>;
v000001d34e7dd7e0_0 .net/2u *"_ivl_34", 2 0, L_000001d34e848458;  1 drivers
v000001d34e7de0a0_0 .net *"_ivl_36", 0 0, L_000001d34e846540;  1 drivers
L_000001d34e8484a0 .functor BUFT 1, C4<10>, C4<0>, C4<0>, C4<0>;
v000001d34e7dd920_0 .net/2u *"_ivl_38", 1 0, L_000001d34e8484a0;  1 drivers
L_000001d34e8482f0 .functor BUFT 1, C4<10>, C4<0>, C4<0>, C4<0>;
v000001d34e7dda60_0 .net/2u *"_ivl_4", 1 0, L_000001d34e8482f0;  1 drivers
v000001d34e7dde20_0 .net *"_ivl_40", 0 0, L_000001d34e847080;  1 drivers
v000001d34e7ddb00_0 .net *"_ivl_43", 0 0, L_000001d34e7d7d30;  1 drivers
L_000001d34e8484e8 .functor BUFT 1, C4<100>, C4<0>, C4<0>, C4<0>;
v000001d34e7ddc40_0 .net/2u *"_ivl_44", 2 0, L_000001d34e8484e8;  1 drivers
v000001d34e7ddce0_0 .net *"_ivl_46", 0 0, L_000001d34e846860;  1 drivers
L_000001d34e848530 .functor BUFT 1, C4<01>, C4<0>, C4<0>, C4<0>;
v000001d34e7ddd80_0 .net/2u *"_ivl_48", 1 0, L_000001d34e848530;  1 drivers
v000001d34e846040_0 .net *"_ivl_50", 0 0, L_000001d34e847760;  1 drivers
v000001d34e846220_0 .net *"_ivl_53", 0 0, L_000001d34e7d7400;  1 drivers
v000001d34e846180_0 .net *"_ivl_6", 0 0, L_000001d34e845c80;  1 drivers
v000001d34e8465e0_0 .net *"_ivl_9", 0 0, L_000001d34e7d7da0;  1 drivers
v000001d34e8469a0_0 .net "chg5", 0 0, L_000001d34e7d7e80;  alias, 1 drivers
v000001d34e846f40_0 .net "clk", 0 0, v000001d34e8462c0_0;  1 drivers
v000001d34e846360_0 .net "coin", 1 0, v000001d34e846a40_0;  1 drivers
v000001d34e847260_0 .var "current_state", 2 0;
v000001d34e845a00_0 .net "dispense", 0 0, L_000001d34e7d7630;  alias, 1 drivers
v000001d34e8476c0_0 .var "next_state", 2 0;
v000001d34e847300_0 .net "rst", 0 0, v000001d34e8464a0_0;  1 drivers
E_000001d34e7e0230 .event anyedge, v000001d34e847260_0, v000001d34e846360_0;
E_000001d34e7dfcb0 .event posedge, v000001d34e846f40_0;
L_000001d34e845e60 .cmp/eq 3, v000001d34e847260_0, L_000001d34e8482a8;
L_000001d34e845c80 .cmp/eq 2, v000001d34e846a40_0, L_000001d34e8482f0;
L_000001d34e845f00 .cmp/eq 3, v000001d34e847260_0, L_000001d34e848338;
L_000001d34e847620 .cmp/eq 2, v000001d34e846a40_0, L_000001d34e848380;
L_000001d34e846720 .cmp/eq 3, v000001d34e847260_0, L_000001d34e8483c8;
L_000001d34e846680 .cmp/eq 2, v000001d34e846a40_0, L_000001d34e848410;
L_000001d34e846540 .cmp/eq 3, v000001d34e847260_0, L_000001d34e848458;
L_000001d34e847080 .cmp/eq 2, v000001d34e846a40_0, L_000001d34e8484a0;
L_000001d34e846860 .cmp/eq 3, v000001d34e847260_0, L_000001d34e8484e8;
L_000001d34e847760 .cmp/eq 2, v000001d34e846a40_0, L_000001d34e848530;
    .scope S_000001d34e7ea220;
T_0 ;
    %wait E_000001d34e7dfcb0;
    %load/vec4 v000001d34e847300_0;
    %flag_set/vec4 8;
    %jmp/0xz  T_0.0, 8;
    %pushi/vec4 0, 0, 3;
    %assign/vec4 v000001d34e847260_0, 0;
    %jmp T_0.1;
T_0.0 ;
    %load/vec4 v000001d34e8476c0_0;
    %assign/vec4 v000001d34e847260_0, 0;
T_0.1 ;
    %jmp T_0;
    .thread T_0;
    .scope S_000001d34e7ea220;
T_1 ;
    %wait E_000001d34e7e0230;
    %load/vec4 v000001d34e847260_0;
    %store/vec4 v000001d34e8476c0_0, 0, 3;
    %load/vec4 v000001d34e847260_0;
    %dup/vec4;
    %pushi/vec4 0, 0, 3;
    %cmp/u;
    %jmp/1 T_1.0, 6;
    %dup/vec4;
    %pushi/vec4 1, 0, 3;
    %cmp/u;
    %jmp/1 T_1.1, 6;
    %dup/vec4;
    %pushi/vec4 2, 0, 3;
    %cmp/u;
    %jmp/1 T_1.2, 6;
    %dup/vec4;
    %pushi/vec4 3, 0, 3;
    %cmp/u;
    %jmp/1 T_1.3, 6;
    %dup/vec4;
    %pushi/vec4 4, 0, 3;
    %cmp/u;
    %jmp/1 T_1.4, 6;
    %pushi/vec4 0, 0, 3;
    %store/vec4 v000001d34e8476c0_0, 0, 3;
    %jmp T_1.6;
T_1.0 ;
    %load/vec4 v000001d34e846360_0;
    %cmpi/e 1, 0, 2;
    %jmp/0xz  T_1.7, 4;
    %pushi/vec4 1, 0, 3;
    %store/vec4 v000001d34e8476c0_0, 0, 3;
    %jmp T_1.8;
T_1.7 ;
    %load/vec4 v000001d34e846360_0;
    %cmpi/e 2, 0, 2;
    %jmp/0xz  T_1.9, 4;
    %pushi/vec4 2, 0, 3;
    %store/vec4 v000001d34e8476c0_0, 0, 3;
T_1.9 ;
T_1.8 ;
    %jmp T_1.6;
T_1.1 ;
    %load/vec4 v000001d34e846360_0;
    %cmpi/e 1, 0, 2;
    %jmp/0xz  T_1.11, 4;
    %pushi/vec4 2, 0, 3;
    %store/vec4 v000001d34e8476c0_0, 0, 3;
    %jmp T_1.12;
T_1.11 ;
    %load/vec4 v000001d34e846360_0;
    %cmpi/e 2, 0, 2;
    %jmp/0xz  T_1.13, 4;
    %pushi/vec4 3, 0, 3;
    %store/vec4 v000001d34e8476c0_0, 0, 3;
T_1.13 ;
T_1.12 ;
    %jmp T_1.6;
T_1.2 ;
    %load/vec4 v000001d34e846360_0;
    %cmpi/e 1, 0, 2;
    %jmp/0xz  T_1.15, 4;
    %pushi/vec4 3, 0, 3;
    %store/vec4 v000001d34e8476c0_0, 0, 3;
    %jmp T_1.16;
T_1.15 ;
    %load/vec4 v000001d34e846360_0;
    %cmpi/e 2, 0, 2;
    %jmp/0xz  T_1.17, 4;
    %pushi/vec4 4, 0, 3;
    %store/vec4 v000001d34e8476c0_0, 0, 3;
T_1.17 ;
T_1.16 ;
    %jmp T_1.6;
T_1.3 ;
    %load/vec4 v000001d34e846360_0;
    %cmpi/e 1, 0, 2;
    %jmp/0xz  T_1.19, 4;
    %pushi/vec4 4, 0, 3;
    %store/vec4 v000001d34e8476c0_0, 0, 3;
    %jmp T_1.20;
T_1.19 ;
    %load/vec4 v000001d34e846360_0;
    %cmpi/e 2, 0, 2;
    %jmp/0xz  T_1.21, 4;
    %pushi/vec4 0, 0, 3;
    %store/vec4 v000001d34e8476c0_0, 0, 3;
T_1.21 ;
T_1.20 ;
    %jmp T_1.6;
T_1.4 ;
    %load/vec4 v000001d34e846360_0;
    %cmpi/e 1, 0, 2;
    %jmp/0xz  T_1.23, 4;
    %pushi/vec4 0, 0, 3;
    %store/vec4 v000001d34e8476c0_0, 0, 3;
    %jmp T_1.24;
T_1.23 ;
    %load/vec4 v000001d34e846360_0;
    %cmpi/e 2, 0, 2;
    %jmp/0xz  T_1.25, 4;
    %pushi/vec4 0, 0, 3;
    %store/vec4 v000001d34e8476c0_0, 0, 3;
T_1.25 ;
T_1.24 ;
    %jmp T_1.6;
T_1.6 ;
    %pop/vec4 1;
    %jmp T_1;
    .thread T_1, $push;
    .scope S_000001d34e7ea090;
T_2 ;
    %pushi/vec4 0, 0, 1;
    %store/vec4 v000001d34e8462c0_0, 0, 1;
T_2.0 ;
    %delay 5, 0;
    %load/vec4 v000001d34e8462c0_0;
    %inv;
    %store/vec4 v000001d34e8462c0_0, 0, 1;
    %jmp T_2.0;
    %end;
    .thread T_2;
    .scope S_000001d34e7ea090;
T_3 ;
    %vpi_call 2 17 "$dumpfile", "tb_vending-mealy.vcd" {0 0 0};
    %vpi_call 2 18 "$dumpvars", 32'sb00000000000000000000000000000000, S_000001d34e7ea090 {0 0 0};
    %end;
    .thread T_3;
    .scope S_000001d34e7ea090;
T_4 ;
    %pushi/vec4 1, 0, 1;
    %store/vec4 v000001d34e8464a0_0, 0, 1;
    %pushi/vec4 0, 0, 2;
    %store/vec4 v000001d34e846a40_0, 0, 2;
    %delay 10, 0;
    %pushi/vec4 0, 0, 1;
    %store/vec4 v000001d34e8464a0_0, 0, 1;
    %delay 10, 0;
    %pushi/vec4 1, 0, 2;
    %store/vec4 v000001d34e846a40_0, 0, 2;
    %delay 10, 0;
    %pushi/vec4 1, 0, 2;
    %store/vec4 v000001d34e846a40_0, 0, 2;
    %delay 10, 0;
    %pushi/vec4 2, 0, 2;
    %store/vec4 v000001d34e846a40_0, 0, 2;
    %delay 10, 0;
    %pushi/vec4 0, 0, 2;
    %store/vec4 v000001d34e846a40_0, 0, 2;
    %delay 10, 0;
    %pushi/vec4 1, 0, 2;
    %store/vec4 v000001d34e846a40_0, 0, 2;
    %delay 10, 0;
    %pushi/vec4 2, 0, 2;
    %store/vec4 v000001d34e846a40_0, 0, 2;
    %delay 10, 0;
    %pushi/vec4 2, 0, 2;
    %store/vec4 v000001d34e846a40_0, 0, 2;
    %delay 10, 0;
    %pushi/vec4 0, 0, 2;
    %store/vec4 v000001d34e846a40_0, 0, 2;
    %delay 10, 0;
    %pushi/vec4 2, 0, 2;
    %store/vec4 v000001d34e846a40_0, 0, 2;
    %delay 10, 0;
    %pushi/vec4 2, 0, 2;
    %store/vec4 v000001d34e846a40_0, 0, 2;
    %delay 10, 0;
    %pushi/vec4 0, 0, 2;
    %store/vec4 v000001d34e846a40_0, 0, 2;
    %delay 50, 0;
    %vpi_call 2 40 "$finish" {0 0 0};
    %end;
    .thread T_4;
# The file index is used to find the file name in the following table.
:file_names 4;
    "N/A";
    "<interactive>";
    "tb_vending_mealy.v";
    "vending_mealy.v";
